<?xml version="1.0" encoding="UTF-8"?>
<testng-results ignored="0" total="5" passed="5" failed="0" skipped="0">
  <reporter-output>
  </reporter-output>
  <suite started-at="2021-05-27T10:54:36 IST" name="OrangeHRMDemoTestcases" finished-at="2021-05-27T10:55:11 IST" duration-ms="34285">
    <groups>
    </groups>
    <test started-at="2021-05-27T10:54:36 IST" name="LoginTestcases" finished-at="2021-05-27T10:55:11 IST" duration-ms="34285">
      <class name="PragatiTraining.OrangeHRMTestCases.TestCases.InvalidLoginTestCases">
        <test-method is-config="true" signature="Init(java.lang.String)[pri:0, instance:PragatiTraining.OrangeHRMTestCases.TestCases.InvalidLoginTestCases@747edf66]" started-at="2021-05-27T10:54:58 IST" name="Init" finished-at="2021-05-27T10:55:09 IST" duration-ms="11118" status="PASS">
          <params>
            <param index="0">
              <value>
                <![CDATA[CHROME]]>
              </value>
            </param>
          </params>
          <reporter-output>
          </reporter-output>
        </test-method> <!-- Init -->
        <test-method signature="TestLoginWithInValidCrdentials(java.lang.String, java.lang.String, java.lang.String)[pri:1, instance:PragatiTraining.OrangeHRMTestCases.TestCases.InvalidLoginTestCases@747edf66]" started-at="2021-05-27T10:55:09 IST" name="TestLoginWithInValidCrdentials" data-provider="ProvideInvalidCredentials" finished-at="2021-05-27T10:55:10 IST" duration-ms="191" status="PASS">
          <params>
            <param index="0">
              <value>
                <![CDATA[Admin]]>
              </value>
            </param>
            <param index="1">
              <value>
                <![CDATA[]]>
              </value>
            </param>
            <param index="2">
              <value>
                <![CDATA[Password cannot be empty]]>
              </value>
            </param>
          </params>
          <reporter-output>
          </reporter-output>
        </test-method> <!-- TestLoginWithInValidCrdentials -->
        <test-method signature="TestLoginWithInValidCrdentials(java.lang.String, java.lang.String, java.lang.String)[pri:1, instance:PragatiTraining.OrangeHRMTestCases.TestCases.InvalidLoginTestCases@747edf66]" started-at="2021-05-27T10:55:10 IST" name="TestLoginWithInValidCrdentials" data-provider="ProvideInvalidCredentials" finished-at="2021-05-27T10:55:10 IST" duration-ms="142" status="PASS">
          <params>
            <param index="0">
              <value>
                <![CDATA[]]>
              </value>
            </param>
            <param index="1">
              <value>
                <![CDATA[admin123]]>
              </value>
            </param>
            <param index="2">
              <value>
                <![CDATA[Username cannot be empty]]>
              </value>
            </param>
          </params>
          <reporter-output>
          </reporter-output>
        </test-method> <!-- TestLoginWithInValidCrdentials -->
        <test-method signature="TestLoginWithInValidCrdentials(java.lang.String, java.lang.String, java.lang.String)[pri:1, instance:PragatiTraining.OrangeHRMTestCases.TestCases.InvalidLoginTestCases@747edf66]" started-at="2021-05-27T10:55:10 IST" name="TestLoginWithInValidCrdentials" data-provider="ProvideInvalidCredentials" finished-at="2021-05-27T10:55:10 IST" duration-ms="134" status="PASS">
          <params>
            <param index="0">
              <value>
                <![CDATA[]]>
              </value>
            </param>
            <param index="1">
              <value>
                <![CDATA[]]>
              </value>
            </param>
            <param index="2">
              <value>
                <![CDATA[Username cannot be empty]]>
              </value>
            </param>
          </params>
          <reporter-output>
          </reporter-output>
        </test-method> <!-- TestLoginWithInValidCrdentials -->
        <test-method signature="TestLoginWithInValidCrdentials(java.lang.String, java.lang.String, java.lang.String)[pri:1, instance:PragatiTraining.OrangeHRMTestCases.TestCases.InvalidLoginTestCases@747edf66]" started-at="2021-05-27T10:55:10 IST" name="TestLoginWithInValidCrdentials" data-provider="ProvideInvalidCredentials" finished-at="2021-05-27T10:55:11 IST" duration-ms="784" status="PASS">
          <params>
            <param index="0">
              <value>
                <![CDATA[Pranoday]]>
              </value>
            </param>
            <param index="1">
              <value>
                <![CDATA[Dingare]]>
              </value>
            </param>
            <param index="2">
              <value>
                <![CDATA[Invalid credentials]]>
              </value>
            </param>
          </params>
          <reporter-output>
          </reporter-output>
        </test-method> <!-- TestLoginWithInValidCrdentials -->
      </class> <!-- PragatiTraining.OrangeHRMTestCases.TestCases.InvalidLoginTestCases -->
      <class name="PragatiTraining.OrangeHRMTestCases.TestCases.ValidLoginCredentialsTestcase">
        <test-method is-config="true" signature="Init(java.lang.String)[pri:0, instance:PragatiTraining.OrangeHRMTestCases.TestCases.ValidLoginCredentialsTestcase@55536d9e]" started-at="2021-05-27T10:54:36 IST" name="Init" finished-at="2021-05-27T10:54:53 IST" duration-ms="16422" status="PASS">
          <params>
            <param index="0">
              <value>
                <![CDATA[CHROME]]>
              </value>
            </param>
          </params>
          <reporter-output>
          </reporter-output>
        </test-method> <!-- Init -->
        <test-method signature="TestLoginWithValidCrdentials()[pri:1, instance:PragatiTraining.OrangeHRMTestCases.TestCases.ValidLoginCredentialsTestcase@55536d9e]" started-at="2021-05-27T10:54:53 IST" name="TestLoginWithValidCrdentials" finished-at="2021-05-27T10:54:58 IST" duration-ms="5446" status="PASS">
          <reporter-output>
          </reporter-output>
        </test-method> <!-- TestLoginWithValidCrdentials -->
      </class> <!-- PragatiTraining.OrangeHRMTestCases.TestCases.ValidLoginCredentialsTestcase -->
    </test> <!-- LoginTestcases -->
  </suite> <!-- OrangeHRMDemoTestcases -->
</testng-results>
