<?xml version="1.0" encoding="UTF-8"?>
<!-- Generated by org.testng.reporters.JUnitXMLReporter -->
<testsuite ignored="0" hostname="LAPTOP-M0NL3NBK" failures="0" tests="5" name="LoginTestcases" time="34.285" errors="0" timestamp="2021-05-27T10:55:11 IST">
  <testcase classname="PragatiTraining.OrangeHRMTestCases.TestCases.ValidLoginCredentialsTestcase" name="TestLoginWithValidCrdentials" time="5.446"/>
  <testcase classname="PragatiTraining.OrangeHRMTestCases.TestCases.InvalidLoginTestCases" name="TestLoginWithInValidCrdentials" time="0.191"/>
  <testcase classname="PragatiTraining.OrangeHRMTestCases.TestCases.InvalidLoginTestCases" name="TestLoginWithInValidCrdentials" time="0.142"/>
  <testcase classname="PragatiTraining.OrangeHRMTestCases.TestCases.InvalidLoginTestCases" name="TestLoginWithInValidCrdentials" time="0.134"/>
  <testcase classname="PragatiTraining.OrangeHRMTestCases.TestCases.InvalidLoginTestCases" name="TestLoginWithInValidCrdentials" time="0.784"/>
</testsuite> <!-- LoginTestcases -->
